<?xml version="1.0" encoding="UTF-8"?>
<!-- Generated by org.testng.reporters.JUnitXMLReporter -->
<testsuite ignored="0" hostname="Priyankas-world" failures="0" tests="6" name="Surefire test" time="0.052" errors="0" timestamp="2020-05-14T20:56:46 IST">
  <testcase classname="PriyankaMaven.AppiumTest" name="IOSApps" time="0.013"/>
  <testcase classname="PriyankaMaven.AppiumTest" name="NativeAppAndroid" time="0.0"/>
  <testcase classname="PriyankaMaven.RESTApiTest" name="DeleteTwitter" time="0.001"/>
  <testcase classname="PriyankaMaven.RESTApiTest" name="postjira" time="0.0"/>
  <testcase classname="PriyankaMaven.SeleniumTest" name="BrowerAutomation" time="0.0"/>
  <testcase classname="PriyankaMaven.SeleniumTest" name="ElementsUI" time="0.0"/>
</testsuite> <!-- Surefire test -->
