<?xml version="1.0" encoding="UTF-8"?>
<!-- Generated by org.testng.reporters.JUnitXMLReporter -->
<testsuite ignored="0" hostname="Priyankas-world" failures="0" tests="4" name="Test" time="0.064" errors="0" timestamp="2020-05-14T21:08:05 IST">
  <testcase classname="PriyankaMaven.SeleniumTest" name="BrowerAutomation" time="0.005"/>
  <testcase classname="PriyankaMaven.SeleniumTest" name="ElementsUI" time="0.0"/>
  <testcase classname="PriyankaMaven.AppiumTest" name="IOSApps" time="0.0"/>
  <testcase classname="PriyankaMaven.AppiumTest" name="NativeAppAndroid" time="0.0"/>
</testsuite> <!-- Test -->
