<?xml version="1.0" encoding="UTF-8"?>
<testng-results ignored="0" total="4" passed="4" failed="0" skipped="0">
  <reporter-output>
  </reporter-output>
  <suite started-at="2020-05-14T21:08:05 IST" name="Suite" finished-at="2020-05-14T21:08:05 IST" duration-ms="64">
    <groups>
    </groups>
    <test started-at="2020-05-14T21:08:05 IST" name="Test" finished-at="2020-05-14T21:08:05 IST" duration-ms="64">
      <class name="PriyankaMaven.AppiumTest">
        <test-method signature="IOSApps()[pri:0, instance:PriyankaMaven.AppiumTest@2890c451]" started-at="2020-05-14T21:08:05 IST" name="IOSApps" finished-at="2020-05-14T21:08:05 IST" duration-ms="0" status="PASS">
          <reporter-output>
          </reporter-output>
        </test-method> <!-- IOSApps -->
        <test-method signature="NativeAppAndroid()[pri:0, instance:PriyankaMaven.AppiumTest@2890c451]" started-at="2020-05-14T21:08:05 IST" name="NativeAppAndroid" finished-at="2020-05-14T21:08:05 IST" duration-ms="0" status="PASS">
          <reporter-output>
          </reporter-output>
        </test-method> <!-- NativeAppAndroid -->
      </class> <!-- PriyankaMaven.AppiumTest -->
      <class name="PriyankaMaven.SeleniumTest">
        <test-method signature="BrowerAutomation()[pri:0, instance:PriyankaMaven.SeleniumTest@2145433b]" started-at="2020-05-14T21:08:05 IST" name="BrowerAutomation" finished-at="2020-05-14T21:08:05 IST" duration-ms="5" status="PASS">
          <reporter-output>
          </reporter-output>
        </test-method> <!-- BrowerAutomation -->
        <test-method signature="ElementsUI()[pri:0, instance:PriyankaMaven.SeleniumTest@2145433b]" started-at="2020-05-14T21:08:05 IST" name="ElementsUI" finished-at="2020-05-14T21:08:05 IST" duration-ms="0" status="PASS">
          <reporter-output>
          </reporter-output>
        </test-method> <!-- ElementsUI -->
      </class> <!-- PriyankaMaven.SeleniumTest -->
    </test> <!-- Test -->
  </suite> <!-- Suite -->
</testng-results>
